#
# There is insufficient memory for the Java Runtime Environment to continue.
# Native memory allocation (malloc) failed to allocate 1048576 bytes for AllocateHeap
# Possible reasons:
#   The system is out of physical RAM or swap space
#   In 32 bit mode, the process size limit was hit
# Possible solutions:
#   Reduce memory load on the system
#   Increase physical memory or swap space
#   Check if swap backing store is full
#   Use 64 bit Java on a 64 bit OS
#   Decrease Java heap size (-Xmx/-Xms)
#   Decrease number of Java threads
#   Decrease Java thread stack sizes (-Xss)
#   Set larger code cache with -XX:ReservedCodeCacheSize=
# This output file may be truncated or incomplete.
#
#  Out of Memory Error (memory/allocation.inline.hpp:60), pid=4348, tid=5700
#
# JRE version: 7.0_25-b17
# Java VM: Java HotSpot(TM) 64-Bit Server VM (23.25-b01 mixed mode windows-amd64 compressed oops)
# Failed to write core dump. Minidumps are not enabled by default on client versions of Windows
#

---------------  T H R E A D  ---------------

Current thread (0x00000000001ec800):  JavaThread "Unknown thread" [_thread_in_vm, id=5700, stack(0x0000000002260000,0x0000000002360000)]

Stack: [0x0000000002260000,0x0000000002360000]

---------------  P R O C E S S  ---------------

Java Threads: ( => current thread )

Other Threads:

=>0x00000000001ec800 (exited) JavaThread "Unknown thread" [_thread_in_vm, id=5700, stack(0x0000000002260000,0x0000000002360000)]

VM state:not at safepoint (normal execution)

VM Mutex/Monitor currently owned by a thread: None

Heap
 PSYoungGen      total 2446656K, used 41943K [0x0000000755560000, 0x0000000800000000, 0x0000000800000000)
  eden space 2097152K, 2% used [0x0000000755560000,0x0000000757e55c98,0x00000007d5560000)
  from space 349504K, 0% used [0x00000007eaab0000,0x00000007eaab0000,0x0000000800000000)
  to   space 349504K, 0% used [0x00000007d5560000,0x00000007d5560000,0x00000007eaab0000)
 ParOldGen       total 5592448K, used 0K [0x0000000600000000, 0x0000000755560000, 0x0000000755560000)
  object space 5592448K, 0% used [0x0000000600000000,0x0000000600000000,0x0000000755560000)
 PSPermGen       total 21248K, used 692K [0x00000005fae00000, 0x00000005fc2c0000, 0x0000000600000000)
  object space 21248K, 3% used [0x00000005fae00000,0x00000005faead0d8,0x00000005fc2c0000)

Card table byte_map: [0x0000000005360000,0x0000000006390000] byte_map_base: 0x0000000002389000

Polling page: 0x00000000000b0000

Code Cache  [0x0000000002360000, 0x00000000025d0000, 0x0000000005360000)
 total_blobs=39 nmethods=0 adapters=20 free_code_cache=48889Kb largest_free_block=50062848

Compilation events (0 events):
No events

GC Heap History (0 events):
No events

Deoptimization events (0 events):
No events

Internal exceptions (0 events):
No events

Events (10 events):
Event: 0.130 loading class 0x0000000001e630f0
Event: 0.131 loading class 0x0000000001e630f0 done
Event: 0.131 loading class 0x0000000001ea0f70
Event: 0.131 loading class 0x0000000001ea0f70 done
Event: 0.131 loading class 0x0000000001ea0fa0
Event: 0.131 loading class 0x0000000001ea0fa0 done
Event: 0.131 loading class 0x0000000001e617a0
Event: 0.131 loading class 0x0000000001e617a0 done
Event: 0.131 loading class 0x0000000001e61360
Event: 0.131 loading class 0x0000000001e61360 done


Dynamic libraries:
0x000000013f440000 - 0x000000013f473000 	C:\Program Files\Java\jre7\bin\javaw.exe
0x00000000776f0000 - 0x0000000077899000 	C:\windows\SYSTEM32\ntdll.dll
0x00000000775d0000 - 0x00000000776ef000 	C:\windows\system32\kernel32.dll
0x000007fefd7e0000 - 0x000007fefd84b000 	C:\windows\system32\KERNELBASE.dll
0x000007fefe810000 - 0x000007fefe8eb000 	C:\windows\system32\ADVAPI32.dll
0x000007fefe8f0000 - 0x000007fefe98f000 	C:\windows\system32\msvcrt.dll
0x000007fefe770000 - 0x000007fefe78f000 	C:\windows\SYSTEM32\sechost.dll
0x000007feff8d0000 - 0x000007feff9fd000 	C:\windows\system32\RPCRT4.dll
0x00000000774d0000 - 0x00000000775ca000 	C:\windows\system32\USER32.dll
0x000007fefe520000 - 0x000007fefe587000 	C:\windows\system32\GDI32.dll
0x000007fefe510000 - 0x000007fefe51e000 	C:\windows\system32\LPK.dll
0x000007fefe590000 - 0x000007fefe659000 	C:\windows\system32\USP10.dll
0x000007fefbe80000 - 0x000007fefc074000 	C:\windows\WinSxS\amd64_microsoft.windows.common-controls_6595b64144ccf1df_6.0.7601.17514_none_fa396087175ac9ac\COMCTL32.dll
0x000007fefe790000 - 0x000007fefe801000 	C:\windows\system32\SHLWAPI.dll
0x000007fefe140000 - 0x000007fefe16e000 	C:\windows\system32\IMM32.DLL
0x000007fefe660000 - 0x000007fefe769000 	C:\windows\system32\MSCTF.dll
0x000000006a9c0000 - 0x000000006aa91000 	C:\Program Files\Java\jre7\bin\msvcr100.dll
0x0000000065c40000 - 0x000000006634f000 	C:\Program Files\Java\jre7\bin\server\jvm.dll
0x000007fefaec0000 - 0x000007fefaec9000 	C:\windows\system32\WSOCK32.dll
0x000007feff7a0000 - 0x000007feff7ed000 	C:\windows\system32\WS2_32.dll
0x000007fefe2b0000 - 0x000007fefe2b8000 	C:\windows\system32\NSI.dll
0x000007fefa4a0000 - 0x000007fefa4db000 	C:\windows\system32\WINMM.dll
0x00000000778b0000 - 0x00000000778b7000 	C:\windows\system32\PSAPI.DLL
0x00000000738e0000 - 0x00000000738ef000 	C:\Program Files\Java\jre7\bin\verify.dll
0x00000000738b0000 - 0x00000000738d8000 	C:\Program Files\Java\jre7\bin\java.dll
0x0000000073890000 - 0x00000000738a5000 	C:\Program Files\Java\jre7\bin\zip.dll

VM Arguments:
jvm_args: -Xms8192M -Xmx8192M -Dfile.encoding=Cp1252 
java_command: edu.asu.joseibarra.test.CreateAllNameMap
Launcher Type: SUN_STANDARD

Environment Variables:
PATH=C:\windows\system32;C:\windows;C:\windows\System32\Wbem;C:\windows\System32\WindowsPowerShell\v1.0\;C:\Program Files (x86)\Microsoft SQL Server\100\Tools\Binn\;C:\Program Files\Microsoft SQL Server\100\Tools\Binn\;C:\Program Files\Microsoft SQL Server\100\DTS\Binn\;C:\Program Files (x86)\Common Files\Roxio Shared\DLLShared\;C:\Program Files (x86)\Common Files\Roxio Shared\10.0\DLLShared\;C:\Program Files (x86)\Heroku\bin;C:\Program Files (x86)\git\cmd;C:\Program Files (x86)\MySQL\MySQL Utilities 1.3.4\
USERNAME=jlibarr1
OS=Windows_NT
PROCESSOR_IDENTIFIER=Intel64 Family 6 Model 26 Stepping 5, GenuineIntel



---------------  S Y S T E M  ---------------

OS: Windows 7 , 64 bit Build 7601 Service Pack 1

CPU:total 4 (4 cores per cpu, 2 threads per core) family 6 model 26 stepping 5, cmov, cx8, fxsr, mmx, sse, sse2, sse3, ssse3, sse4.1, sse4.2, popcnt, ht, tsc, tscinvbit, tscinv

Memory: 4k page, physical 12580408k(7489584k free), swap 29557668k(3187188k free)

vm_info: Java HotSpot(TM) 64-Bit Server VM (23.25-b01) for windows-amd64 JRE (1.7.0_25-b17), built on Jun 21 2013 12:58:32 by "java_re" with unknown MS VC++:1600

time: Wed Jan 29 11:11:46 2014
elapsed time: 1 seconds

